<?xml version="1.0" encoding="UTF-8"?>
<testng-results skipped="0" failed="0" ignored="0" total="1" passed="1">
  <reporter-output>
  </reporter-output>
  <suite name="Default suite" duration-ms="15533" started-at="2020-05-15T13:08:42Z" finished-at="2020-05-15T13:08:58Z">
    <groups>
    </groups>
    <test name="Default test" duration-ms="15533" started-at="2020-05-15T13:08:42Z" finished-at="2020-05-15T13:08:58Z">
      <class name="NewSampleProject.Sample.ToolsQAPage">
        <test-method status="PASS" signature="testPage()[pri:0, instance:NewSampleProject.Sample.ToolsQAPage@6d78f375]" name="testPage" duration-ms="15518" started-at="2020-05-15T18:38:42Z" finished-at="2020-05-15T18:38:58Z">
          <reporter-output>
          </reporter-output>
        </test-method> <!-- testPage -->
      </class> <!-- NewSampleProject.Sample.ToolsQAPage -->
    </test> <!-- Default test -->
  </suite> <!-- Default suite -->
</testng-results>
